{
"contracts\\SimpleVoting.sol":{"l":{"24":10,"25":9,"29":13,"30":13,"34":1,"41":9,"43":9,"50":8,"55":7,"60":6,"65":5,"68":5,"70":5,"81":2,"84":2,"95":3},"path":"D:\\Semster 6\\BLOCKCHAIN\\blockchain_final_project_voting_dapp\\contracts\\SimpleVoting.sol","s":{"1":10,"2":1,"3":9,"4":9,"5":8,"6":7,"7":6,"8":5,"9":2,"10":2,"11":3},"b":{"1":[9,1],"2":[9,1],"3":[7,1],"4":[6,1],"5":[5,1]},"f":{"1":10,"2":13,"3":1,"4":9,"5":8,"6":2,"7":3},"fnMap":{"1":{"name":"onlyOwner","line":23,"loc":{"start":{"line":23,"column":4},"end":{"line":26,"column":4}}},"2":{"name":"constructor","line":28,"loc":{"start":{"line":28,"column":4},"end":{"line":31,"column":4}}},"3":{"name":"getOwner","line":33,"loc":{"start":{"line":33,"column":4},"end":{"line":35,"column":4}}},"4":{"name":"addCandidate","line":39,"loc":{"start":{"line":37,"column":4},"end":{"line":44,"column":4}}},"5":{"name":"vote","line":46,"loc":{"start":{"line":46,"column":4},"end":{"line":74,"column":4}}},"6":{"name":"getCandidate","line":76,"loc":{"start":{"line":76,"column":4},"end":{"line":88,"column":4}}},"7":{"name":"candidateCount","line":90,"loc":{"start":{"line":90,"column":4},"end":{"line":96,"column":4}}}},"statementMap":{"1":{"start":{"line":24,"column":8},"end":{"line":24,"column":48}},"2":{"start":{"line":34,"column":8},"end":{"line":34,"column":20}},"3":{"start":{"line":41,"column":8},"end":{"line":41,"column":43}},"4":{"start":{"line":43,"column":8},"end":{"line":43,"column":34}},"5":{"start":{"line":50,"column":8},"end":{"line":50,"column":1000}},"6":{"start":{"line":55,"column":8},"end":{"line":55,"column":1101}},"7":{"start":{"line":60,"column":8},"end":{"line":60,"column":1198}},"8":{"start":{"line":70,"column":8},"end":{"line":70,"column":1420}},"9":{"start":{"line":81,"column":8},"end":{"line":81,"column":1658}},"10":{"start":{"line":84,"column":8},"end":{"line":84,"column":1710}},"11":{"start":{"line":95,"column":8},"end":{"line":95,"column":32}}},"branchMap":{"1":{"line":24,"type":"if","locations":[{"start":{"line":24,"column":8},"end":{"line":24,"column":8}},{"start":{"line":24,"column":8},"end":{"line":24,"column":8}}]},"2":{"line":39,"type":"if","locations":[{"start":{"line":39,"column":8},"end":{"line":39,"column":8}},{"start":{"line":39,"column":8},"end":{"line":39,"column":8}}]},"3":{"line":50,"type":"if","locations":[{"start":{"line":50,"column":8},"end":{"line":50,"column":8}},{"start":{"line":50,"column":8},"end":{"line":50,"column":8}}]},"4":{"line":55,"type":"if","locations":[{"start":{"line":55,"column":8},"end":{"line":55,"column":8}},{"start":{"line":55,"column":8},"end":{"line":55,"column":8}}]},"5":{"line":60,"type":"if","locations":[{"start":{"line":60,"column":8},"end":{"line":60,"column":8}},{"start":{"line":60,"column":8},"end":{"line":60,"column":8}}]}}}}
