TN:
SF:D:\Semster 6\BLOCKCHAIN\blockchain_final_project_voting_dapp\contracts\SimpleVoting.sol
FN:23,onlyOwner
FN:28,constructor
FN:33,getOwner
FN:39,addCandidate
FN:46,vote
FN:76,getCandidate
FN:90,candidateCount
FNF:7
FNH:7
FNDA:10,onlyOwner
FNDA:13,constructor
FNDA:1,getOwner
FNDA:9,addCandidate
FNDA:8,vote
FNDA:2,getCandidate
FNDA:3,candidateCount
DA:24,10
DA:25,9
DA:29,13
DA:30,13
DA:34,1
DA:41,9
DA:43,9
DA:50,8
DA:55,7
DA:60,6
DA:65,5
DA:68,5
DA:70,5
DA:81,2
DA:84,2
DA:95,3
LF:16
LH:16
BRDA:24,1,0,9
BRDA:24,1,1,1
BRDA:39,2,0,9
BRDA:39,2,1,1
BRDA:50,3,0,7
BRDA:50,3,1,1
BRDA:55,4,0,6
BRDA:55,4,1,1
BRDA:60,5,0,5
BRDA:60,5,1,1
BRF:10
BRH:10
end_of_record
